This file contains any messages produced by compilers while
running configure, to aid debugging if configure makes a mistake.

It was created by scilab configure 0, which was
generated by GNU Autoconf 2.69.  Invocation command line was

  $ ./configure --disable-static --disable-dependency-tracking

## --------- ##
## Platform. ##
## --------- ##

hostname = debian
uname -m = i686
uname -r = 3.16.0-4-686-pae
uname -s = Linux
uname -v = #1 SMP Debian 3.16.39-1 (2016-12-30)

/usr/bin/uname -p = unknown
/bin/uname -X     = unknown

/bin/arch              = unknown
/usr/bin/arch -k       = unknown
/usr/convex/getsysinfo = unknown
/usr/bin/hostinfo      = unknown
/bin/machine           = unknown
/usr/bin/oslevel       = unknown
/bin/universe          = unknown

PATH: /usr/share/scilab/
PATH: /usr/share/scilab//bin
PATH: /usr/bin
PATH: /usr/local/bin
PATH: /usr/bin
PATH: /bin
PATH: /usr/local/games
PATH: /usr/games


## ----------- ##
## Core tests. ##
## ----------- ##

configure:2485: checking for a BSD-compatible install
configure:2553: result: /usr/bin/install -c
configure:2564: checking whether build environment is sane
configure:2619: result: yes
configure:2770: checking for a thread-safe mkdir -p
configure:2809: result: /bin/mkdir -p
configure:2816: checking for gawk
configure:2832: found /usr/bin/gawk
configure:2843: result: gawk
configure:2854: checking whether make sets $(MAKE)
configure:2876: result: yes
configure:2905: checking whether make supports nested variables
configure:2922: result: yes
configure:3049: checking whether to enable maintainer-specific portions of Makefiles
configure:3058: result: no
configure:3121: checking for gcc
configure:3137: found /usr/bin/gcc
configure:3148: result: gcc
configure:3377: checking for C compiler version
configure:3386: gcc --version >&5
gcc (Debian 4.9.2-10) 4.9.2
Copyright (C) 2014 Free Software Foundation, Inc.
This is free software; see the source for copying conditions.  There is NO
warranty; not even for MERCHANTABILITY or FITNESS FOR A PARTICULAR PURPOSE.

configure:3397: $? = 0
configure:3386: gcc -v >&5
Using built-in specs.
COLLECT_GCC=gcc
COLLECT_LTO_WRAPPER=/usr/lib/gcc/i586-linux-gnu/4.9/lto-wrapper
Target: i586-linux-gnu
Configured with: ../src/configure -v --with-pkgversion='Debian 4.9.2-10' --with-bugurl=file:///usr/share/doc/gcc-4.9/README.Bugs --enable-languages=c,c++,java,go,d,fortran,objc,obj-c++ --prefix=/usr --program-suffix=-4.9 --enable-shared --enable-linker-build-id --libexecdir=/usr/lib --without-included-gettext --enable-threads=posix --with-gxx-include-dir=/usr/include/c++/4.9 --libdir=/usr/lib --enable-nls --with-sysroot=/ --enable-clocale=gnu --enable-libstdcxx-debug --enable-libstdcxx-time=yes --enable-gnu-unique-object --disable-vtable-verify --enable-plugin --with-system-zlib --disable-browser-plugin --enable-java-awt=gtk --enable-gtk-cairo --with-java-home=/usr/lib/jvm/java-1.5.0-gcj-4.9-i386/jre --enable-java-home --with-jvm-root-dir=/usr/lib/jvm/java-1.5.0-gcj-4.9-i386 --with-jvm-jar-dir=/usr/lib/jvm-exports/java-1.5.0-gcj-4.9-i386 --with-arch-directory=i386 --with-ecj-jar=/usr/share/java/eclipse-ecj.jar --enable-objc-gc --enable-targets=all --enable-multiarch --with-arch-32=i586 --with-multilib-list=m32,m64,mx32 --enable-multilib --with-tune=generic --enable-checking=release --build=i586-linux-gnu --host=i586-linux-gnu --target=i586-linux-gnu
Thread model: posix
gcc version 4.9.2 (Debian 4.9.2-10) 
configure:3397: $? = 0
configure:3386: gcc -V >&5
gcc: error: unrecognized command line option '-V'
gcc: fatal error: no input files
compilation terminated.
configure:3397: $? = 4
configure:3386: gcc -qversion >&5
gcc: error: unrecognized command line option '-qversion'
gcc: fatal error: no input files
compilation terminated.
configure:3397: $? = 4
configure:3417: checking whether the C compiler works
configure:3439: gcc    conftest.c  >&5
configure:3443: $? = 0
configure:3491: result: yes
configure:3494: checking for C compiler default output file name
configure:3496: result: a.out
configure:3502: checking for suffix of executables
configure:3509: gcc -o conftest    conftest.c  >&5
configure:3513: $? = 0
configure:3535: result: 
configure:3557: checking whether we are cross compiling
configure:3565: gcc -o conftest    conftest.c  >&5
configure:3569: $? = 0
configure:3576: ./conftest
configure:3580: $? = 0
configure:3595: result: no
configure:3600: checking for suffix of object files
configure:3622: gcc -c   conftest.c >&5
configure:3626: $? = 0
configure:3647: result: o
configure:3651: checking whether we are using the GNU C compiler
configure:3670: gcc -c   conftest.c >&5
configure:3670: $? = 0
configure:3679: result: yes
configure:3688: checking whether gcc accepts -g
configure:3708: gcc -c -g  conftest.c >&5
configure:3708: $? = 0
configure:3749: result: yes
configure:3766: checking for gcc option to accept ISO C89
configure:3829: gcc  -c -g -O2  conftest.c >&5
configure:3829: $? = 0
configure:3842: result: none needed
configure:3867: checking whether gcc understands -c and -o together
configure:3889: gcc -c conftest.c -o conftest2.o
configure:3892: $? = 0
configure:3889: gcc -c conftest.c -o conftest2.o
configure:3892: $? = 0
configure:3904: result: yes
configure:3932: checking for style of include used by make
configure:3960: result: GNU
configure:3986: checking dependency style of gcc
configure:4097: result: none
configure:4172: checking for g++
configure:4188: found /usr/bin/g++
configure:4199: result: g++
configure:4226: checking for C++ compiler version
configure:4235: g++ --version >&5
g++ (Debian 4.9.2-10) 4.9.2
Copyright (C) 2014 Free Software Foundation, Inc.
This is free software; see the source for copying conditions.  There is NO
warranty; not even for MERCHANTABILITY or FITNESS FOR A PARTICULAR PURPOSE.

configure:4246: $? = 0
configure:4235: g++ -v >&5
Using built-in specs.
COLLECT_GCC=g++
COLLECT_LTO_WRAPPER=/usr/lib/gcc/i586-linux-gnu/4.9/lto-wrapper
Target: i586-linux-gnu
Configured with: ../src/configure -v --with-pkgversion='Debian 4.9.2-10' --with-bugurl=file:///usr/share/doc/gcc-4.9/README.Bugs --enable-languages=c,c++,java,go,d,fortran,objc,obj-c++ --prefix=/usr --program-suffix=-4.9 --enable-shared --enable-linker-build-id --libexecdir=/usr/lib --without-included-gettext --enable-threads=posix --with-gxx-include-dir=/usr/include/c++/4.9 --libdir=/usr/lib --enable-nls --with-sysroot=/ --enable-clocale=gnu --enable-libstdcxx-debug --enable-libstdcxx-time=yes --enable-gnu-unique-object --disable-vtable-verify --enable-plugin --with-system-zlib --disable-browser-plugin --enable-java-awt=gtk --enable-gtk-cairo --with-java-home=/usr/lib/jvm/java-1.5.0-gcj-4.9-i386/jre --enable-java-home --with-jvm-root-dir=/usr/lib/jvm/java-1.5.0-gcj-4.9-i386 --with-jvm-jar-dir=/usr/lib/jvm-exports/java-1.5.0-gcj-4.9-i386 --with-arch-directory=i386 --with-ecj-jar=/usr/share/java/eclipse-ecj.jar --enable-objc-gc --enable-targets=all --enable-multiarch --with-arch-32=i586 --with-multilib-list=m32,m64,mx32 --enable-multilib --with-tune=generic --enable-checking=release --build=i586-linux-gnu --host=i586-linux-gnu --target=i586-linux-gnu
Thread model: posix
gcc version 4.9.2 (Debian 4.9.2-10) 
configure:4246: $? = 0
configure:4235: g++ -V >&5
g++: error: unrecognized command line option '-V'
g++: fatal error: no input files
compilation terminated.
configure:4246: $? = 4
configure:4235: g++ -qversion >&5
g++: error: unrecognized command line option '-qversion'
g++: fatal error: no input files
compilation terminated.
configure:4246: $? = 4
configure:4250: checking whether we are using the GNU C++ compiler
configure:4269: g++ -c   conftest.cpp >&5
configure:4269: $? = 0
configure:4278: result: yes
configure:4287: checking whether g++ accepts -g
configure:4307: g++ -c -g  conftest.cpp >&5
configure:4307: $? = 0
configure:4348: result: yes
configure:4373: checking dependency style of g++
configure:4484: result: none
configure:4554: checking for g77
configure:4584: result: no
configure:4554: checking for xlf
configure:4584: result: no
configure:4554: checking for f77
configure:4584: result: no
configure:4554: checking for frt
configure:4584: result: no
configure:4554: checking for pgf77
configure:4584: result: no
configure:4554: checking for cf77
configure:4584: result: no
configure:4554: checking for fort77
configure:4584: result: no
configure:4554: checking for fl32
configure:4584: result: no
configure:4554: checking for af77
configure:4584: result: no
configure:4554: checking for xlf90
configure:4584: result: no
configure:4554: checking for f90
configure:4584: result: no
configure:4554: checking for pgf90
configure:4584: result: no
configure:4554: checking for pghpf
configure:4584: result: no
configure:4554: checking for epcf90
configure:4584: result: no
configure:4554: checking for gfortran
configure:4584: result: no
configure:4554: checking for g95
configure:4584: result: no
configure:4554: checking for xlf95
configure:4584: result: no
configure:4554: checking for f95
configure:4584: result: no
configure:4554: checking for fort
configure:4584: result: no
configure:4554: checking for ifort
configure:4584: result: no
configure:4554: checking for ifc
configure:4584: result: no
configure:4554: checking for efc
configure:4584: result: no
configure:4554: checking for pgfortran
configure:4584: result: no
configure:4554: checking for pgf95
configure:4584: result: no
configure:4554: checking for lf95
configure:4584: result: no
configure:4554: checking for ftn
configure:4584: result: no
configure:4554: checking for nagfor
configure:4584: result: no
configure:4607: checking for Fortran 77 compiler version
configure:4616:  --version >&5
./configure: line 4618: --version: command not found
configure:4627: $? = 127
configure:4616:  -v >&5
./configure: line 4618: -v: command not found
configure:4627: $? = 127
configure:4616:  -V >&5
./configure: line 4618: -V: command not found
configure:4627: $? = 127
configure:4616:  -qversion >&5
./configure: line 4618: -qversion: command not found
configure:4627: $? = 127
configure:4636: checking whether we are using the GNU Fortran 77 compiler
configure:4649:  -c  conftest.F >&5
./configure: line 1626: -c: command not found
configure:4649: $? = 127
configure: failed program was:
|       program main
| #ifndef __GNUC__
|        choke me
| #endif
| 
|       end
configure:4658: result: no
configure:4664: checking whether  accepts -g
configure:4675:  -c -g conftest.f >&5
./configure: line 1626: -c: command not found
configure:4675: $? = 127
configure: failed program was:
|       program main
| 
|       end
configure:4683: result: no
configure:4765: checking for gfortran
configure:4795: result: no
configure:4765: checking for g95
configure:4795: result: no
configure:4765: checking for xlf95
configure:4795: result: no
configure:4765: checking for f95
configure:4795: result: no
configure:4765: checking for fort
configure:4795: result: no
configure:4765: checking for ifort
configure:4795: result: no
configure:4765: checking for ifc
configure:4795: result: no
configure:4765: checking for efc
configure:4795: result: no
configure:4765: checking for pgfortran
configure:4795: result: no
configure:4765: checking for pgf95
configure:4795: result: no
configure:4765: checking for lf95
configure:4795: result: no
configure:4765: checking for ftn
configure:4795: result: no
configure:4765: checking for nagfor
configure:4795: result: no
configure:4765: checking for xlf90
configure:4795: result: no
configure:4765: checking for f90
configure:4795: result: no
configure:4765: checking for pgf90
configure:4795: result: no
configure:4765: checking for pghpf
configure:4795: result: no
configure:4765: checking for epcf90
configure:4795: result: no
configure:4765: checking for g77
configure:4795: result: no
configure:4765: checking for xlf
configure:4795: result: no
configure:4765: checking for f77
configure:4795: result: no
configure:4765: checking for frt
configure:4795: result: no
configure:4765: checking for pgf77
configure:4795: result: no
configure:4765: checking for cf77
configure:4795: result: no
configure:4765: checking for fort77
configure:4795: result: no
configure:4765: checking for fl32
configure:4795: result: no
configure:4765: checking for af77
configure:4795: result: no
configure:4818: checking for Fortran compiler version
configure:4827:  --version >&5
./configure: line 4829: --version: command not found
configure:4838: $? = 127
configure:4827:  -v >&5
./configure: line 4829: -v: command not found
configure:4838: $? = 127
configure:4827:  -V >&5
./configure: line 4829: -V: command not found
configure:4838: $? = 127
configure:4827:  -qversion >&5
./configure: line 4829: -qversion: command not found
configure:4838: $? = 127
configure:4847: checking whether we are using the GNU Fortran compiler
configure:4860:  -c   conftest.F >&5
./configure: line 1664: -c: command not found
configure:4860: $? = 127
configure: failed program was:
|       program main
| #ifndef __GNUC__
|        choke me
| #endif
| 
|       end
configure:4869: result: no
configure:4875: checking whether  accepts -g
configure:4886:  -c -g  conftest.f >&5
./configure: line 1664: -c: command not found
configure:4886: $? = 127
configure: failed program was:
|       program main
| 
|       end
configure:4894: result: no
configure:4954: checking build system type
configure:4968: result: i686-pc-linux-gnu
configure:4988: checking host system type
configure:5001: result: i686-pc-linux-gnu
configure:5042: checking how to print strings
configure:5069: result: printf
configure:5090: checking for a sed that does not truncate output
configure:5154: result: /bin/sed
configure:5172: checking for grep that handles long lines and -e
configure:5230: result: /bin/grep
configure:5235: checking for egrep
configure:5297: result: /bin/grep -E
configure:5302: checking for fgrep
configure:5364: result: /bin/grep -F
configure:5399: checking for ld used by gcc
configure:5466: result: /usr/bin/ld
configure:5473: checking if the linker (/usr/bin/ld) is GNU ld
configure:5488: result: yes
configure:5500: checking for BSD- or MS-compatible name lister (nm)
configure:5549: result: /usr/bin/nm -B
configure:5679: checking the name lister (/usr/bin/nm -B) interface
configure:5686: gcc -c -g -O2  conftest.c >&5
configure:5689: /usr/bin/nm -B "conftest.o"
configure:5692: output
00000000 B some_variable
configure:5699: result: BSD nm
configure:5702: checking whether ln -s works
configure:5706: result: yes
configure:5714: checking the maximum length of command line arguments
configure:5845: result: 1572864
configure:5862: checking whether the shell understands some XSI constructs
configure:5872: result: yes
configure:5876: checking whether the shell understands "+="
configure:5882: result: yes
configure:5917: checking how to convert i686-pc-linux-gnu file names to i686-pc-linux-gnu format
configure:5957: result: func_convert_file_noop
configure:5964: checking how to convert i686-pc-linux-gnu file names to toolchain format
configure:5984: result: func_convert_file_noop
configure:5991: checking for /usr/bin/ld option to reload object files
configure:5998: result: -r
configure:6072: checking for objdump
configure:6088: found /usr/bin/objdump
configure:6099: result: objdump
configure:6131: checking how to recognize dependent libraries
configure:6329: result: pass_all
configure:6414: checking for dlltool
configure:6444: result: no
configure:6474: checking how to associate runtime and link libraries
configure:6501: result: printf %s\n
configure:6562: checking for ar
configure:6578: found /usr/bin/ar
configure:6589: result: ar
configure:6626: checking for archiver @FILE support
configure:6643: gcc -c -g -O2  conftest.c >&5
configure:6643: $? = 0
configure:6646: ar cru libconftest.a @conftest.lst >&5
configure:6649: $? = 0
configure:6654: ar cru libconftest.a @conftest.lst >&5
ar: conftest.o: No such file or directory
configure:6657: $? = 1
configure:6669: result: @
configure:6727: checking for strip
configure:6743: found /usr/bin/strip
configure:6754: result: strip
configure:6826: checking for ranlib
configure:6842: found /usr/bin/ranlib
configure:6853: result: ranlib
configure:6955: checking command to parse /usr/bin/nm -B output from gcc object
configure:7075: gcc -c -g -O2  conftest.c >&5
configure:7078: $? = 0
configure:7082: /usr/bin/nm -B conftest.o \| sed -n -e 's/^.*[ ]\([ABCDGIRSTW][ABCDGIRSTW]*\)[ ][ ]*\([_A-Za-z][_A-Za-z0-9]*\)$/\1 \2 \2/p' | sed '/ __gnu_lto/d' \> conftest.nm
configure:7085: $? = 0
configure:7151: gcc -o conftest -g -O2   conftest.c conftstm.o >&5
configure:7154: $? = 0
configure:7192: result: ok
configure:7229: checking for sysroot
configure:7259: result: no
configure:7528: checking for mt
configure:7544: found /bin/mt
configure:7555: result: mt
configure:7578: checking if mt is a manifest tool
configure:7584: mt '-?'
configure:7592: result: no
configure:8234: checking how to run the C preprocessor
configure:8265: gcc -E  conftest.c
configure:8265: $? = 0
configure:8279: gcc -E  conftest.c
conftest.c:11:28: fatal error: ac_nonexistent.h: No such file or directory
 #include <ac_nonexistent.h>
                            ^
compilation terminated.
configure:8279: $? = 1
configure: failed program was:
| /* confdefs.h */
| #define PACKAGE_NAME "scilab"
| #define PACKAGE_TARNAME "scilab"
| #define PACKAGE_VERSION "0"
| #define PACKAGE_STRING "scilab 0"
| #define PACKAGE_BUGREPORT "http://bugzilla.scilab.org/"
| #define PACKAGE_URL ""
| #define PACKAGE "scilab"
| #define VERSION "0"
| /* end confdefs.h.  */
| #include <ac_nonexistent.h>
configure:8304: result: gcc -E
configure:8324: gcc -E  conftest.c
configure:8324: $? = 0
configure:8338: gcc -E  conftest.c
conftest.c:11:28: fatal error: ac_nonexistent.h: No such file or directory
 #include <ac_nonexistent.h>
                            ^
compilation terminated.
configure:8338: $? = 1
configure: failed program was:
| /* confdefs.h */
| #define PACKAGE_NAME "scilab"
| #define PACKAGE_TARNAME "scilab"
| #define PACKAGE_VERSION "0"
| #define PACKAGE_STRING "scilab 0"
| #define PACKAGE_BUGREPORT "http://bugzilla.scilab.org/"
| #define PACKAGE_URL ""
| #define PACKAGE "scilab"
| #define VERSION "0"
| /* end confdefs.h.  */
| #include <ac_nonexistent.h>
configure:8367: checking for ANSI C header files
configure:8387: gcc -c -g -O2  conftest.c >&5
configure:8387: $? = 0
configure:8460: gcc -o conftest -g -O2   conftest.c  >&5
configure:8460: $? = 0
configure:8460: ./conftest
configure:8460: $? = 0
configure:8471: result: yes
configure:8484: checking for sys/types.h
configure:8484: gcc -c -g -O2  conftest.c >&5
configure:8484: $? = 0
configure:8484: result: yes
configure:8484: checking for sys/stat.h
configure:8484: gcc -c -g -O2  conftest.c >&5
configure:8484: $? = 0
configure:8484: result: yes
configure:8484: checking for stdlib.h
configure:8484: gcc -c -g -O2  conftest.c >&5
configure:8484: $? = 0
configure:8484: result: yes
configure:8484: checking for string.h
configure:8484: gcc -c -g -O2  conftest.c >&5
configure:8484: $? = 0
configure:8484: result: yes
configure:8484: checking for memory.h
configure:8484: gcc -c -g -O2  conftest.c >&5
configure:8484: $? = 0
configure:8484: result: yes
configure:8484: checking for strings.h
configure:8484: gcc -c -g -O2  conftest.c >&5
configure:8484: $? = 0
configure:8484: result: yes
configure:8484: checking for inttypes.h
configure:8484: gcc -c -g -O2  conftest.c >&5
configure:8484: $? = 0
configure:8484: result: yes
configure:8484: checking for stdint.h
configure:8484: gcc -c -g -O2  conftest.c >&5
configure:8484: $? = 0
configure:8484: result: yes
configure:8484: checking for unistd.h
configure:8484: gcc -c -g -O2  conftest.c >&5
configure:8484: $? = 0
configure:8484: result: yes
configure:8498: checking for dlfcn.h
configure:8498: gcc -c -g -O2  conftest.c >&5
configure:8498: $? = 0
configure:8498: result: yes
configure:8717: checking for objdir
configure:8732: result: .libs
configure:9003: checking if gcc supports -fno-rtti -fno-exceptions
configure:9021: gcc -c -g -O2  -fno-rtti -fno-exceptions conftest.c >&5
cc1: warning: command line option '-fno-rtti' is valid for C++/ObjC++ but not for C
configure:9025: $? = 0
configure:9038: result: no
configure:9365: checking for gcc option to produce PIC
configure:9372: result: -fPIC -DPIC
configure:9380: checking if gcc PIC flag -fPIC -DPIC works
configure:9398: gcc -c -g -O2  -fPIC -DPIC -DPIC conftest.c >&5
configure:9402: $? = 0
configure:9415: result: yes
configure:9444: checking if gcc static flag -static works
configure:9472: result: yes
configure:9487: checking if gcc supports -c -o file.o
configure:9508: gcc -c -g -O2  -o out/conftest2.o conftest.c >&5
configure:9512: $? = 0
configure:9534: result: yes
configure:9542: checking if gcc supports -c -o file.o
configure:9589: result: yes
configure:9622: checking whether the gcc linker (/usr/bin/ld) supports shared libraries
configure:10779: result: yes
configure:10816: checking whether -lc should be explicitly linked in
configure:10824: gcc -c -g -O2  conftest.c >&5
configure:10827: $? = 0
configure:10842: gcc -shared  -fPIC -DPIC conftest.o  -v -Wl,-soname -Wl,conftest -o conftest 2\>\&1 \| /bin/grep  -lc  \>/dev/null 2\>\&1
configure:10845: $? = 0
configure:10859: result: no
configure:11019: checking dynamic linker characteristics
configure:11519: gcc -o conftest -g -O2   -Wl,-rpath -Wl,/foo conftest.c  >&5
configure:11519: $? = 0
configure:11753: result: GNU/Linux ld.so
configure:11860: checking how to hardcode library paths into programs
configure:11885: result: immediate
configure:12425: checking whether stripping libraries is possible
configure:12430: result: yes
configure:12465: checking if libtool supports shared libraries
configure:12467: result: yes
configure:12470: checking whether to build shared libraries
configure:12491: result: yes
configure:12494: checking whether to build static libraries
configure:12498: result: no
configure:12521: checking how to run the C++ preprocessor
configure:12548: g++ -E  conftest.cpp
configure:12548: $? = 0
configure:12562: g++ -E  conftest.cpp
conftest.cpp:23:28: fatal error: ac_nonexistent.h: No such file or directory
 #include <ac_nonexistent.h>
                            ^
compilation terminated.
configure:12562: $? = 1
configure: failed program was:
| /* confdefs.h */
| #define PACKAGE_NAME "scilab"
| #define PACKAGE_TARNAME "scilab"
| #define PACKAGE_VERSION "0"
| #define PACKAGE_STRING "scilab 0"
| #define PACKAGE_BUGREPORT "http://bugzilla.scilab.org/"
| #define PACKAGE_URL ""
| #define PACKAGE "scilab"
| #define VERSION "0"
| #define STDC_HEADERS 1
| #define HAVE_SYS_TYPES_H 1
| #define HAVE_SYS_STAT_H 1
| #define HAVE_STDLIB_H 1
| #define HAVE_STRING_H 1
| #define HAVE_MEMORY_H 1
| #define HAVE_STRINGS_H 1
| #define HAVE_INTTYPES_H 1
| #define HAVE_STDINT_H 1
| #define HAVE_UNISTD_H 1
| #define HAVE_DLFCN_H 1
| #define LT_OBJDIR ".libs/"
| /* end confdefs.h.  */
| #include <ac_nonexistent.h>
configure:12587: result: g++ -E
configure:12607: g++ -E  conftest.cpp
configure:12607: $? = 0
configure:12621: g++ -E  conftest.cpp
conftest.cpp:23:28: fatal error: ac_nonexistent.h: No such file or directory
 #include <ac_nonexistent.h>
                            ^
compilation terminated.
configure:12621: $? = 1
configure: failed program was:
| /* confdefs.h */
| #define PACKAGE_NAME "scilab"
| #define PACKAGE_TARNAME "scilab"
| #define PACKAGE_VERSION "0"
| #define PACKAGE_STRING "scilab 0"
| #define PACKAGE_BUGREPORT "http://bugzilla.scilab.org/"
| #define PACKAGE_URL ""
| #define PACKAGE "scilab"
| #define VERSION "0"
| #define STDC_HEADERS 1
| #define HAVE_SYS_TYPES_H 1
| #define HAVE_SYS_STAT_H 1
| #define HAVE_STDLIB_H 1
| #define HAVE_STRING_H 1
| #define HAVE_MEMORY_H 1
| #define HAVE_STRINGS_H 1
| #define HAVE_INTTYPES_H 1
| #define HAVE_STDINT_H 1
| #define HAVE_UNISTD_H 1
| #define HAVE_DLFCN_H 1
| #define LT_OBJDIR ".libs/"
| /* end confdefs.h.  */
| #include <ac_nonexistent.h>
configure:12790: checking for ld used by g++
configure:12857: result: /usr/bin/ld
configure:12864: checking if the linker (/usr/bin/ld) is GNU ld
configure:12879: result: yes
configure:12934: checking whether the g++ linker (/usr/bin/ld) supports shared libraries
configure:13936: result: yes
configure:13972: g++ -c -g -O2  conftest.cpp >&5
configure:13975: $? = 0
configure:14495: checking for g++ option to produce PIC
configure:14502: result: -fPIC -DPIC
configure:14510: checking if g++ PIC flag -fPIC -DPIC works
configure:14528: g++ -c -g -O2  -fPIC -DPIC -DPIC conftest.cpp >&5
configure:14532: $? = 0
configure:14545: result: yes
configure:14568: checking if g++ static flag -static works
configure:14596: result: yes
configure:14608: checking if g++ supports -c -o file.o
configure:14629: g++ -c -g -O2  -o out/conftest2.o conftest.cpp >&5
configure:14633: $? = 0
configure:14655: result: yes
configure:14660: checking if g++ supports -c -o file.o
configure:14707: result: yes
configure:14737: checking whether the g++ linker (/usr/bin/ld) supports shared libraries
configure:14776: result: yes
configure:14917: checking dynamic linker characteristics
configure:15585: result: GNU/Linux ld.so
configure:15638: checking how to hardcode library paths into programs
configure:15663: result: immediate
configure:21488: checking that generated files are newer than configure
configure:21494: result: done
configure:21525: creating ./config.status

## ---------------------- ##
## Running config.status. ##
## ---------------------- ##

This file was extended by scilab config.status 0, which was
generated by GNU Autoconf 2.69.  Invocation command line was

  CONFIG_FILES    = 
  CONFIG_HEADERS  = 
  CONFIG_LINKS    = 
  CONFIG_COMMANDS = 
  $ ./config.status 

on debian

config.status:1174: creating Makefile
config.status:1346: executing depfiles commands
config.status:1346: executing libtool commands

## ---------------- ##
## Cache variables. ##
## ---------------- ##

ac_cv_build=i686-pc-linux-gnu
ac_cv_c_compiler_gnu=yes
ac_cv_cxx_compiler_gnu=yes
ac_cv_env_CCC_set=
ac_cv_env_CCC_value=
ac_cv_env_CC_set=
ac_cv_env_CC_value=
ac_cv_env_CFLAGS_set=
ac_cv_env_CFLAGS_value=
ac_cv_env_CPPFLAGS_set=
ac_cv_env_CPPFLAGS_value=
ac_cv_env_CPP_set=
ac_cv_env_CPP_value=
ac_cv_env_CXXCPP_set=
ac_cv_env_CXXCPP_value=
ac_cv_env_CXXFLAGS_set=
ac_cv_env_CXXFLAGS_value=
ac_cv_env_CXX_set=
ac_cv_env_CXX_value=
ac_cv_env_F77_set=
ac_cv_env_F77_value=
ac_cv_env_FCFLAGS_set=
ac_cv_env_FCFLAGS_value=
ac_cv_env_FC_set=
ac_cv_env_FC_value=
ac_cv_env_FFLAGS_set=
ac_cv_env_FFLAGS_value=
ac_cv_env_LDFLAGS_set=
ac_cv_env_LDFLAGS_value=
ac_cv_env_LIBS_set=
ac_cv_env_LIBS_value=
ac_cv_env_build_alias_set=
ac_cv_env_build_alias_value=
ac_cv_env_host_alias_set=
ac_cv_env_host_alias_value=
ac_cv_env_target_alias_set=
ac_cv_env_target_alias_value=
ac_cv_f77_compiler_gnu=no
ac_cv_fc_compiler_gnu=no
ac_cv_header_dlfcn_h=yes
ac_cv_header_inttypes_h=yes
ac_cv_header_memory_h=yes
ac_cv_header_stdc=yes
ac_cv_header_stdint_h=yes
ac_cv_header_stdlib_h=yes
ac_cv_header_string_h=yes
ac_cv_header_strings_h=yes
ac_cv_header_sys_stat_h=yes
ac_cv_header_sys_types_h=yes
ac_cv_header_unistd_h=yes
ac_cv_host=i686-pc-linux-gnu
ac_cv_objext=o
ac_cv_path_EGREP='/bin/grep -E'
ac_cv_path_FGREP='/bin/grep -F'
ac_cv_path_GREP=/bin/grep
ac_cv_path_SED=/bin/sed
ac_cv_path_install='/usr/bin/install -c'
ac_cv_path_mkdir=/bin/mkdir
ac_cv_prog_AWK=gawk
ac_cv_prog_CPP='gcc -E'
ac_cv_prog_CXXCPP='g++ -E'
ac_cv_prog_ac_ct_AR=ar
ac_cv_prog_ac_ct_CC=gcc
ac_cv_prog_ac_ct_CXX=g++
ac_cv_prog_ac_ct_MANIFEST_TOOL=mt
ac_cv_prog_ac_ct_OBJDUMP=objdump
ac_cv_prog_ac_ct_RANLIB=ranlib
ac_cv_prog_ac_ct_STRIP=strip
ac_cv_prog_cc_c89=
ac_cv_prog_cc_g=yes
ac_cv_prog_cxx_g=yes
ac_cv_prog_f77_g=no
ac_cv_prog_fc_g=no
ac_cv_prog_make_make_set=yes
am_cv_CC_dependencies_compiler_type=none
am_cv_CXX_dependencies_compiler_type=none
am_cv_make_support_nested_variables=yes
am_cv_prog_cc_c_o=yes
lt_cv_ar_at_file=@
lt_cv_archive_cmds_need_lc=no
lt_cv_deplibs_check_method=pass_all
lt_cv_file_magic_cmd='$MAGIC_CMD'
lt_cv_file_magic_test_file=
lt_cv_ld_reload_flag=-r
lt_cv_nm_interface='BSD nm'
lt_cv_objdir=.libs
lt_cv_path_LD=/usr/bin/ld
lt_cv_path_LDCXX=/usr/bin/ld
lt_cv_path_NM='/usr/bin/nm -B'
lt_cv_path_mainfest_tool=no
lt_cv_prog_compiler_c_o=yes
lt_cv_prog_compiler_c_o_CXX=yes
lt_cv_prog_compiler_pic='-fPIC -DPIC'
lt_cv_prog_compiler_pic_CXX='-fPIC -DPIC'
lt_cv_prog_compiler_pic_works=yes
lt_cv_prog_compiler_pic_works_CXX=yes
lt_cv_prog_compiler_rtti_exceptions=no
lt_cv_prog_compiler_static_works=yes
lt_cv_prog_compiler_static_works_CXX=yes
lt_cv_prog_gnu_ld=yes
lt_cv_prog_gnu_ldcxx=yes
lt_cv_sharedlib_from_linklib_cmd='printf %s\n'
lt_cv_shlibpath_overrides_runpath=no
lt_cv_sys_global_symbol_pipe='sed -n -e '\''s/^.*[	 ]\([ABCDGIRSTW][ABCDGIRSTW]*\)[	 ][	 ]*\([_A-Za-z][_A-Za-z0-9]*\)$/\1 \2 \2/p'\'' | sed '\''/ __gnu_lto/d'\'''
lt_cv_sys_global_symbol_to_c_name_address='sed -n -e '\''s/^: \([^ ]*\)[ ]*$/  {\"\1\", (void *) 0},/p'\'' -e '\''s/^[ABCDGIRSTW]* \([^ ]*\) \([^ ]*\)$/  {"\2", (void *) \&\2},/p'\'''
lt_cv_sys_global_symbol_to_c_name_address_lib_prefix='sed -n -e '\''s/^: \([^ ]*\)[ ]*$/  {\"\1\", (void *) 0},/p'\'' -e '\''s/^[ABCDGIRSTW]* \([^ ]*\) \(lib[^ ]*\)$/  {"\2", (void *) \&\2},/p'\'' -e '\''s/^[ABCDGIRSTW]* \([^ ]*\) \([^ ]*\)$/  {"lib\2", (void *) \&\2},/p'\'''
lt_cv_sys_global_symbol_to_cdecl='sed -n -e '\''s/^T .* \(.*\)$/extern int \1();/p'\'' -e '\''s/^[ABCDGIRSTW]* .* \(.*\)$/extern char \1;/p'\'''
lt_cv_sys_max_cmd_len=1572864
lt_cv_to_host_file_cmd=func_convert_file_noop
lt_cv_to_tool_file_cmd=func_convert_file_noop

## ----------------- ##
## Output variables. ##
## ----------------- ##

ACLOCAL='${SHELL} /tmp/SCI_TMP_27023_1oY7BN/pi_reg_speed/missing aclocal-1.14'
AMDEPBACKSLASH=''
AMDEP_FALSE=''
AMDEP_TRUE='#'
AMTAR='$${TAR-tar}'
AM_BACKSLASH='\'
AM_DEFAULT_V='$(AM_DEFAULT_VERBOSITY)'
AM_DEFAULT_VERBOSITY='1'
AM_V='$(V)'
AR='ar'
AUTOCONF='${SHELL} /tmp/SCI_TMP_27023_1oY7BN/pi_reg_speed/missing autoconf'
AUTOHEADER='${SHELL} /tmp/SCI_TMP_27023_1oY7BN/pi_reg_speed/missing autoheader'
AUTOMAKE='${SHELL} /tmp/SCI_TMP_27023_1oY7BN/pi_reg_speed/missing automake-1.14'
AWK='gawk'
CC='gcc'
CCDEPMODE='depmode=none'
CFLAGS='-g -O2'
CPP='gcc -E'
CPPFLAGS=''
CXX='g++'
CXXCPP='g++ -E'
CXXDEPMODE='depmode=none'
CXXFLAGS='-g -O2'
CYGPATH_W='echo'
DEFS='-DPACKAGE_NAME=\"scilab\" -DPACKAGE_TARNAME=\"scilab\" -DPACKAGE_VERSION=\"0\" -DPACKAGE_STRING=\"scilab\ 0\" -DPACKAGE_BUGREPORT=\"http://bugzilla.scilab.org/\" -DPACKAGE_URL=\"\" -DPACKAGE=\"scilab\" -DVERSION=\"0\" -DSTDC_HEADERS=1 -DHAVE_SYS_TYPES_H=1 -DHAVE_SYS_STAT_H=1 -DHAVE_STDLIB_H=1 -DHAVE_STRING_H=1 -DHAVE_MEMORY_H=1 -DHAVE_STRINGS_H=1 -DHAVE_INTTYPES_H=1 -DHAVE_STDINT_H=1 -DHAVE_UNISTD_H=1 -DHAVE_DLFCN_H=1 -DLT_OBJDIR=\".libs/\"'
DEPDIR='.deps'
DLLTOOL='false'
DSYMUTIL=''
DUMPBIN=''
ECHO_C=''
ECHO_N='-n'
ECHO_T=''
EGREP='/bin/grep -E'
EXEEXT=''
F77=''
FC=''
FCFLAGS=''
FFLAGS=''
FGREP='/bin/grep -F'
GREP='/bin/grep'
INSTALL_DATA='${INSTALL} -m 644'
INSTALL_PROGRAM='${INSTALL}'
INSTALL_SCRIPT='${INSTALL}'
INSTALL_STRIP_PROGRAM='$(install_sh) -c -s'
LD='/usr/bin/ld'
LDFLAGS=''
LIBOBJS=''
LIBS=''
LIBTOOL='$(SHELL) $(top_builddir)/libtool'
LIPO=''
LN_S='ln -s'
LTLIBOBJS=''
MAINT='#'
MAINTAINER_MODE_FALSE=''
MAINTAINER_MODE_TRUE='#'
MAKEINFO='${SHELL} /tmp/SCI_TMP_27023_1oY7BN/pi_reg_speed/missing makeinfo'
MANIFEST_TOOL=':'
MKDIR_P='/bin/mkdir -p'
NM='/usr/bin/nm -B'
NMEDIT=''
OBJDUMP='objdump'
OBJEXT='o'
OTOOL64=''
OTOOL=''
PACKAGE='scilab'
PACKAGE_BUGREPORT='http://bugzilla.scilab.org/'
PACKAGE_NAME='scilab'
PACKAGE_STRING='scilab 0'
PACKAGE_TARNAME='scilab'
PACKAGE_URL=''
PACKAGE_VERSION='0'
PATH_SEPARATOR=':'
RANLIB='ranlib'
SED='/bin/sed'
SET_MAKE=''
SHELL='/bin/bash'
STRIP='strip'
VERSION='0'
ac_ct_AR='ar'
ac_ct_CC='gcc'
ac_ct_CXX='g++'
ac_ct_DUMPBIN=''
ac_ct_F77=''
ac_ct_FC=''
am__EXEEXT_FALSE=''
am__EXEEXT_TRUE='#'
am__fastdepCC_FALSE=''
am__fastdepCC_TRUE='#'
am__fastdepCXX_FALSE=''
am__fastdepCXX_TRUE='#'
am__include='include'
am__isrc=''
am__leading_dot='.'
am__nodep=''
am__quote=''
am__tar='$${TAR-tar} chof - "$$tardir"'
am__untar='$${TAR-tar} xf -'
bindir='${exec_prefix}/bin'
build='i686-pc-linux-gnu'
build_alias=''
build_cpu='i686'
build_os='linux-gnu'
build_vendor='pc'
datadir='${datarootdir}'
datarootdir='${prefix}/share'
docdir='${datarootdir}/doc/${PACKAGE_TARNAME}'
dvidir='${docdir}'
exec_prefix='${prefix}'
host='i686-pc-linux-gnu'
host_alias=''
host_cpu='i686'
host_os='linux-gnu'
host_vendor='pc'
htmldir='${docdir}'
includedir='${prefix}/include'
infodir='${datarootdir}/info'
install_sh='${SHELL} /tmp/SCI_TMP_27023_1oY7BN/pi_reg_speed/install-sh'
libdir='${exec_prefix}/lib'
libexecdir='${exec_prefix}/libexec'
localedir='${datarootdir}/locale'
localstatedir='${prefix}/var'
mandir='${datarootdir}/man'
mkdir_p='$(MKDIR_P)'
oldincludedir='/usr/include'
pdfdir='${docdir}'
prefix='/usr/local'
program_transform_name='s,x,x,'
psdir='${docdir}'
sbindir='${exec_prefix}/sbin'
sharedstatedir='${prefix}/com'
sysconfdir='${prefix}/etc'
target_alias=''

## ----------- ##
## confdefs.h. ##
## ----------- ##

/* confdefs.h */
#define PACKAGE_NAME "scilab"
#define PACKAGE_TARNAME "scilab"
#define PACKAGE_VERSION "0"
#define PACKAGE_STRING "scilab 0"
#define PACKAGE_BUGREPORT "http://bugzilla.scilab.org/"
#define PACKAGE_URL ""
#define PACKAGE "scilab"
#define VERSION "0"
#define STDC_HEADERS 1
#define HAVE_SYS_TYPES_H 1
#define HAVE_SYS_STAT_H 1
#define HAVE_STDLIB_H 1
#define HAVE_STRING_H 1
#define HAVE_MEMORY_H 1
#define HAVE_STRINGS_H 1
#define HAVE_INTTYPES_H 1
#define HAVE_STDINT_H 1
#define HAVE_UNISTD_H 1
#define HAVE_DLFCN_H 1
#define LT_OBJDIR ".libs/"

configure: exit 0
